<?xml version="1.0" encoding="UTF-8"?>
<testsuite name="com.privalia.business.integration.test.CalculatorParametrizedTest" tests="8" skipped="0" failures="0" errors="0" timestamp="2018-09-24T13:48:58" hostname="PR-BCN-1133" time="0.006">
  <properties/>
  <testcase name="ShouldReturnCorrectMultiply(4,2,8) [0]" classname="com.privalia.business.integration.test.CalculatorParametrizedTest" time="0.002"/>
  <testcase name="ShouldReturnCorrectMultiply(1,1,1) [1]" classname="com.privalia.business.integration.test.CalculatorParametrizedTest" time="0.0"/>
  <testcase name="ShouldReturnCorrectSubstract(4,2,2) [0]" classname="com.privalia.business.integration.test.CalculatorParametrizedTest" time="0.0"/>
  <testcase name="ShouldReturnCorrectSubstract(1,1,0) [1]" classname="com.privalia.business.integration.test.CalculatorParametrizedTest" time="0.0"/>
  <testcase name="ShouldReturnCorrectDivide(4,2,2) [0]" classname="com.privalia.business.integration.test.CalculatorParametrizedTest" time="0.0"/>
  <testcase name="ShouldReturnCorrectDivide(2,1,2) [1]" classname="com.privalia.business.integration.test.CalculatorParametrizedTest" time="0.0"/>
  <testcase name="ShouldReturnCorrectSum(0,0,0) [0]" classname="com.privalia.business.integration.test.CalculatorParametrizedTest" time="0.0"/>
  <testcase name="ShouldReturnCorrectSum(1,1,2) [1]" classname="com.privalia.business.integration.test.CalculatorParametrizedTest" time="0.0"/>
  <system-out><![CDATA[]]></system-out>
  <system-err><![CDATA[]]></system-err>
</testsuite>
