<?xml version="1.0" encoding="UTF-8"?>
<testsuite name="com.privalia.business.unit.test.CalculatorUnitTest" tests="4" skipped="0" failures="0" errors="0" timestamp="2018-09-24T13:48:58" hostname="PR-BCN-1133" time="0.141">
  <properties/>
  <testcase name="testAdd" classname="com.privalia.business.unit.test.CalculatorUnitTest" time="0.137"/>
  <testcase name="testSubstract" classname="com.privalia.business.unit.test.CalculatorUnitTest" time="0.001"/>
  <testcase name="testDivide" classname="com.privalia.business.unit.test.CalculatorUnitTest" time="0.001"/>
  <testcase name="testMultiply" classname="com.privalia.business.unit.test.CalculatorUnitTest" time="0.001"/>
  <system-out><![CDATA[]]></system-out>
  <system-err><![CDATA[]]></system-err>
</testsuite>
